   Compiling runit v0.1.0 (/home/gregor/code/learning-rust/runit)
    Finished dev [unoptimized + debuginfo] target(s) in 0.20s
     Running `target/debug/runit`
"test"
TestSuite Outer Suite
TestSuite Inner Suite 1
Running TestCase successful test ... Passes

TestSuite Inner Suite 2
thread 'main' panicked at 'Oh my gosh!', src/main.rs:23:37
note: run with `RUST_BACKTRACE=1` environment variable to display a backtrace
Running TestCase successful test ... Passes

thread 'main' panicked at 'Expected 'true' but got 'false'.', src/runit/assert.rs:23:5
Running TestCase failing test2 ... Fails with reason:

--> Expected 'true' but got 'false'. 


Outer Suite: Fails!
  Inner Suite 1: All Passed!
    successful test: Passes!
  Inner Suite 2: Fails!
    successful test: Passes!
    failing test2: Failed with reason: Expected 'true' but got 'false'.

Test Failure!
